2022-02-18 23:09:31,916 INFO org.springframework.boot.devtools.autoconfigure.OptionalLiveReloadServer [restartedMain] LiveReload server is running on port 35729
2022-02-18 23:09:32,355 INFO org.apache.juli.logging.DirectJDKLog [restartedMain] Starting ProtocolHandler ["http-nio-9081"]
2022-02-18 23:09:32,363 INFO org.springframework.boot.web.embedded.tomcat.TomcatWebServer [restartedMain] Tomcat started on port(s): 9081 (http) with context path '/api/v1/universidad'
2022-02-18 23:09:33,493 INFO org.springframework.boot.StartupInfoLogger [restartedMain] Started ApiUniversidadMApplication in 10.993 seconds (JVM running for 289.806)
2022-02-18 23:09:33,509 INFO org.springframework.boot.devtools.autoconfigure.ConditionEvaluationDeltaLoggingListener [restartedMain] Condition evaluation unchanged
2022-02-18 23:10:54,644 INFO org.springframework.orm.jpa.AbstractEntityManagerFactoryBean [Thread-7] Closing JPA EntityManagerFactory for persistence unit 'default'
2022-02-18 23:10:54,646 INFO com.zaxxer.hikari.HikariDataSource [Thread-7] HikariPool-2 - Shutdown initiated...
2022-02-18 23:10:54,664 INFO com.zaxxer.hikari.HikariDataSource [Thread-7] HikariPool-2 - Shutdown completed.
2022-02-18 23:10:55,361 INFO org.springframework.boot.StartupInfoLogger [restartedMain] Starting ApiUniversidadMApplication using Java 17.0.1 on DESKTOP-E4B00NC with PID 14028 (C:\Users\carlo\Documents\Curso IBM\APIUniversidadM\target\classes started by carlo in C:\Users\carlo\Documents\Curso IBM\APIUniversidadM)
2022-02-18 23:10:55,362 INFO org.springframework.boot.SpringApplication [restartedMain] No active profile set, falling back to default profiles: default
2022-02-18 23:10:56,590 INFO org.springframework.data.repository.config.RepositoryConfigurationDelegate [restartedMain] Bootstrapping Spring Data JPA repositories in DEFAULT mode.
2022-02-18 23:10:56,726 INFO org.springframework.data.repository.config.RepositoryConfigurationDelegate [restartedMain] Finished Spring Data repository scanning in 133 ms. Found 6 JPA repository interfaces.
2022-02-18 23:10:57,603 INFO org.springframework.boot.web.embedded.tomcat.TomcatWebServer [restartedMain] Tomcat initialized with port(s): 9081 (http)
2022-02-18 23:10:57,605 INFO org.apache.juli.logging.DirectJDKLog [restartedMain] Initializing ProtocolHandler ["http-nio-9081"]
2022-02-18 23:10:57,606 INFO org.apache.juli.logging.DirectJDKLog [restartedMain] Starting service [Tomcat]
2022-02-18 23:10:57,608 INFO org.apache.juli.logging.DirectJDKLog [restartedMain] Starting Servlet engine: [Apache Tomcat/9.0.56]
2022-02-18 23:10:57,684 INFO org.apache.juli.logging.DirectJDKLog [restartedMain] Initializing Spring embedded WebApplicationContext
2022-02-18 23:10:57,684 INFO org.springframework.boot.web.servlet.context.ServletWebServerApplicationContext [restartedMain] Root WebApplicationContext: initialization completed in 2307 ms
2022-02-18 23:10:57,921 INFO org.hibernate.jpa.internal.util.LogHelper [restartedMain] HHH000204: Processing PersistenceUnitInfo [name: default]
2022-02-18 23:10:58,049 INFO com.zaxxer.hikari.HikariDataSource [restartedMain] HikariPool-3 - Starting...
2022-02-18 23:10:58,536 INFO com.zaxxer.hikari.HikariDataSource [restartedMain] HikariPool-3 - Start completed.
2022-02-18 23:10:58,537 INFO org.hibernate.dialect.Dialect [restartedMain] HHH000400: Using dialect: org.hibernate.dialect.PostgreSQL10Dialect
2022-02-18 23:10:59,609 INFO org.hibernate.engine.transaction.jta.platform.internal.JtaPlatformInitiator [restartedMain] HHH000490: Using JtaPlatform implementation: [org.hibernate.engine.transaction.jta.platform.internal.NoJtaPlatform]
2022-02-18 23:10:59,610 INFO org.springframework.orm.jpa.AbstractEntityManagerFactoryBean [restartedMain] Initialized JPA EntityManagerFactory for persistence unit 'default'
2022-02-18 23:11:01,364 WARN org.springframework.boot.autoconfigure.orm.jpa.JpaBaseConfiguration$JpaWebConfiguration [restartedMain] spring.jpa.open-in-view is enabled by default. Therefore, database queries may be performed during view rendering. Explicitly configure spring.jpa.open-in-view to disable this warning
2022-02-18 23:11:01,841 INFO org.springframework.boot.devtools.autoconfigure.OptionalLiveReloadServer [restartedMain] LiveReload server is running on port 35729
2022-02-18 23:11:02,123 INFO org.apache.juli.logging.DirectJDKLog [restartedMain] Starting ProtocolHandler ["http-nio-9081"]
2022-02-18 23:11:02,131 INFO org.springframework.boot.web.embedded.tomcat.TomcatWebServer [restartedMain] Tomcat started on port(s): 9081 (http) with context path '/api/v1/universidad'
2022-02-18 23:11:03,057 INFO org.springframework.boot.StartupInfoLogger [restartedMain] Started ApiUniversidadMApplication in 7.99 seconds (JVM running for 379.371)
2022-02-18 23:11:03,063 INFO org.springframework.boot.devtools.autoconfigure.ConditionEvaluationDeltaLoggingListener [restartedMain] Condition evaluation unchanged
2022-02-18 23:11:07,175 INFO org.apache.juli.logging.DirectJDKLog [http-nio-9081-exec-2] Initializing Spring DispatcherServlet 'dispatcherServlet'
2022-02-18 23:11:07,181 INFO org.springframework.web.servlet.FrameworkServlet [http-nio-9081-exec-2] Initializing Servlet 'dispatcherServlet'
2022-02-18 23:11:07,184 INFO org.springframework.web.servlet.FrameworkServlet [http-nio-9081-exec-2] Completed initialization in 2 ms
2022-02-18 23:11:07,348 WARN org.springframework.web.servlet.handler.AbstractHandlerExceptionResolver [http-nio-9081-exec-2] Resolved [com.ibm.academia.restapi.universidad.excepciones.BadRequestException: La persona no es de tipo profesor ]
2022-02-18 23:36:27,828 INFO org.hibernate.validator.internal.util.Version [background-preinit] HV000001: Hibernate Validator 6.2.0.Final
2022-02-18 23:36:27,975 INFO org.springframework.boot.StartupInfoLogger [restartedMain] Starting ApiUniversidadMApplication using Java 17.0.1 on DESKTOP-E4B00NC with PID 15276 (C:\Users\carlo\Documents\Curso IBM\APIUniversidadM\target\classes started by carlo in C:\Users\carlo\Documents\Curso IBM\APIUniversidadM)
2022-02-18 23:36:27,977 INFO org.springframework.boot.SpringApplication [restartedMain] No active profile set, falling back to default profiles: default
