2022-02-18 20:09:08,673 INFO org.hibernate.engine.transaction.jta.platform.internal.JtaPlatformInitiator [restartedMain] HHH000490: Using JtaPlatform implementation: [org.hibernate.engine.transaction.jta.platform.internal.NoJtaPlatform]
2022-02-18 20:09:08,678 INFO org.springframework.orm.jpa.AbstractEntityManagerFactoryBean [restartedMain] Initialized JPA EntityManagerFactory for persistence unit 'default'
2022-02-18 20:09:10,346 WARN org.springframework.boot.autoconfigure.orm.jpa.JpaBaseConfiguration$JpaWebConfiguration [restartedMain] spring.jpa.open-in-view is enabled by default. Therefore, database queries may be performed during view rendering. Explicitly configure spring.jpa.open-in-view to disable this warning
2022-02-18 20:09:10,750 INFO org.springframework.boot.devtools.autoconfigure.OptionalLiveReloadServer [restartedMain] LiveReload server is running on port 35729
2022-02-18 20:09:10,970 INFO org.apache.juli.logging.DirectJDKLog [restartedMain] Starting ProtocolHandler ["http-nio-9081"]
2022-02-18 20:09:10,976 INFO org.springframework.boot.web.embedded.tomcat.TomcatWebServer [restartedMain] Tomcat started on port(s): 9081 (http) with context path '/api/v1/universidad'
2022-02-18 20:09:11,654 INFO org.springframework.boot.StartupInfoLogger [restartedMain] Started ApiUniversidadMApplication in 6.54 seconds (JVM running for 341.185)
2022-02-18 20:09:11,662 INFO org.springframework.boot.devtools.autoconfigure.ConditionEvaluationDeltaLoggingListener [restartedMain] Condition evaluation unchanged
2022-02-18 20:09:40,387 INFO org.springframework.orm.jpa.AbstractEntityManagerFactoryBean [Thread-7] Closing JPA EntityManagerFactory for persistence unit 'default'
2022-02-18 20:09:40,399 INFO com.zaxxer.hikari.HikariDataSource [Thread-7] HikariPool-2 - Shutdown initiated...
2022-02-18 20:09:40,542 INFO com.zaxxer.hikari.HikariDataSource [Thread-7] HikariPool-2 - Shutdown completed.
2022-02-18 20:09:41,208 INFO org.springframework.boot.StartupInfoLogger [restartedMain] Starting ApiUniversidadMApplication using Java 17.0.1 on DESKTOP-E4B00NC with PID 14680 (C:\Users\carlo\Documents\Curso IBM\APIUniversidadM\target\classes started by carlo in C:\Users\carlo\Documents\Curso IBM\APIUniversidadM)
2022-02-18 20:09:41,211 INFO org.springframework.boot.SpringApplication [restartedMain] No active profile set, falling back to default profiles: default
2022-02-18 20:09:42,492 INFO org.springframework.data.repository.config.RepositoryConfigurationDelegate [restartedMain] Bootstrapping Spring Data JPA repositories in DEFAULT mode.
2022-02-18 20:09:42,644 INFO org.springframework.data.repository.config.RepositoryConfigurationDelegate [restartedMain] Finished Spring Data repository scanning in 150 ms. Found 6 JPA repository interfaces.
2022-02-18 20:09:43,935 INFO org.springframework.boot.web.embedded.tomcat.TomcatWebServer [restartedMain] Tomcat initialized with port(s): 9081 (http)
2022-02-18 20:09:43,937 INFO org.apache.juli.logging.DirectJDKLog [restartedMain] Initializing ProtocolHandler ["http-nio-9081"]
2022-02-18 20:09:43,938 INFO org.apache.juli.logging.DirectJDKLog [restartedMain] Starting service [Tomcat]
2022-02-18 20:09:43,941 INFO org.apache.juli.logging.DirectJDKLog [restartedMain] Starting Servlet engine: [Apache Tomcat/9.0.56]
2022-02-18 20:09:43,997 INFO org.apache.juli.logging.DirectJDKLog [restartedMain] Initializing Spring embedded WebApplicationContext
2022-02-18 20:09:43,998 INFO org.springframework.boot.web.servlet.context.ServletWebServerApplicationContext [restartedMain] Root WebApplicationContext: initialization completed in 2769 ms
2022-02-18 20:09:44,136 INFO org.hibernate.jpa.internal.util.LogHelper [restartedMain] HHH000204: Processing PersistenceUnitInfo [name: default]
2022-02-18 20:09:44,167 INFO com.zaxxer.hikari.HikariDataSource [restartedMain] HikariPool-3 - Starting...
2022-02-18 20:09:44,290 INFO com.zaxxer.hikari.HikariDataSource [restartedMain] HikariPool-3 - Start completed.
2022-02-18 20:09:44,290 INFO org.hibernate.dialect.Dialect [restartedMain] HHH000400: Using dialect: org.hibernate.dialect.PostgreSQL10Dialect
2022-02-18 20:09:45,118 INFO org.hibernate.engine.transaction.jta.platform.internal.JtaPlatformInitiator [restartedMain] HHH000490: Using JtaPlatform implementation: [org.hibernate.engine.transaction.jta.platform.internal.NoJtaPlatform]
2022-02-18 20:09:45,120 INFO org.springframework.orm.jpa.AbstractEntityManagerFactoryBean [restartedMain] Initialized JPA EntityManagerFactory for persistence unit 'default'
2022-02-18 20:09:46,741 WARN org.springframework.boot.autoconfigure.orm.jpa.JpaBaseConfiguration$JpaWebConfiguration [restartedMain] spring.jpa.open-in-view is enabled by default. Therefore, database queries may be performed during view rendering. Explicitly configure spring.jpa.open-in-view to disable this warning
2022-02-18 20:09:47,098 INFO org.springframework.boot.devtools.autoconfigure.OptionalLiveReloadServer [restartedMain] LiveReload server is running on port 35729
2022-02-18 20:09:47,283 INFO org.apache.juli.logging.DirectJDKLog [restartedMain] Starting ProtocolHandler ["http-nio-9081"]
2022-02-18 20:09:47,290 INFO org.springframework.boot.web.embedded.tomcat.TomcatWebServer [restartedMain] Tomcat started on port(s): 9081 (http) with context path '/api/v1/universidad'
2022-02-18 20:09:47,718 INFO org.springframework.boot.StartupInfoLogger [restartedMain] Started ApiUniversidadMApplication in 6.743 seconds (JVM running for 377.248)
2022-02-18 20:09:47,721 INFO org.springframework.boot.devtools.autoconfigure.ConditionEvaluationDeltaLoggingListener [restartedMain] Condition evaluation unchanged
2022-02-18 20:11:13,242 INFO org.hibernate.validator.internal.util.Version [background-preinit] HV000001: Hibernate Validator 6.2.0.Final
2022-02-18 20:11:13,262 INFO org.springframework.boot.StartupInfoLogger [restartedMain] Starting ApiUniversidadMApplication using Java 17.0.1 on DESKTOP-E4B00NC with PID 9096 (C:\Users\carlo\Documents\Curso IBM\APIUniversidadM\target\classes started by carlo in C:\Users\carlo\Documents\Curso IBM\APIUniversidadM)
2022-02-18 20:11:13,264 INFO org.springframework.boot.SpringApplication [restartedMain] No active profile set, falling back to default profiles: default
2022-02-18 20:11:13,512 INFO org.springframework.boot.logging.DeferredLog [restartedMain] Devtools property defaults active! Set 'spring.devtools.add-properties' to 'false' to disable
2022-02-18 20:11:13,512 INFO org.springframework.boot.logging.DeferredLog [restartedMain] For additional web related logging consider setting the 'logging.level.web' property to 'DEBUG'
