2022-02-18 01:26:32,646 INFO org.springframework.boot.admin.SpringApplicationAdminMXBeanRegistrar$SpringApplicationAdmin [RMI TCP Connection(10)-127.0.0.1] Application shutdown requested.
2022-02-18 01:26:32,730 INFO org.springframework.orm.jpa.AbstractEntityManagerFactoryBean [RMI TCP Connection(10)-127.0.0.1] Closing JPA EntityManagerFactory for persistence unit 'default'
2022-02-18 01:26:32,740 INFO com.zaxxer.hikari.HikariDataSource [RMI TCP Connection(10)-127.0.0.1] HikariPool-1 - Shutdown initiated...
2022-02-18 01:26:32,777 INFO com.zaxxer.hikari.HikariDataSource [RMI TCP Connection(10)-127.0.0.1] HikariPool-1 - Shutdown completed.
2022-02-18 01:35:06,598 INFO org.hibernate.validator.internal.util.Version [background-preinit] HV000001: Hibernate Validator 6.2.0.Final
2022-02-18 01:35:06,622 INFO org.springframework.boot.StartupInfoLogger [restartedMain] Starting ApiUniversidadMApplication using Java 17.0.1 on DESKTOP-E4B00NC with PID 2220 (C:\Users\carlo\Documents\Curso IBM\APIUniversidadM\target\classes started by carlo in C:\Users\carlo\Documents\Curso IBM\APIUniversidadM)
2022-02-18 01:35:06,641 INFO org.springframework.boot.SpringApplication [restartedMain] No active profile set, falling back to default profiles: default
2022-02-18 01:35:06,947 INFO org.springframework.boot.logging.DeferredLog [restartedMain] Devtools property defaults active! Set 'spring.devtools.add-properties' to 'false' to disable
2022-02-18 01:35:06,949 INFO org.springframework.boot.logging.DeferredLog [restartedMain] For additional web related logging consider setting the 'logging.level.web' property to 'DEBUG'
2022-02-18 01:35:12,505 INFO org.springframework.data.repository.config.RepositoryConfigurationDelegate [restartedMain] Bootstrapping Spring Data JPA repositories in DEFAULT mode.
2022-02-18 01:35:12,858 INFO org.springframework.data.repository.config.RepositoryConfigurationDelegate [restartedMain] Finished Spring Data repository scanning in 316 ms. Found 6 JPA repository interfaces.
2022-02-18 01:35:15,955 INFO org.springframework.boot.web.embedded.tomcat.TomcatWebServer [restartedMain] Tomcat initialized with port(s): 9081 (http)
2022-02-18 01:35:16,008 INFO org.apache.juli.logging.DirectJDKLog [restartedMain] Initializing ProtocolHandler ["http-nio-9081"]
2022-02-18 01:35:16,012 INFO org.apache.juli.logging.DirectJDKLog [restartedMain] Starting service [Tomcat]
2022-02-18 01:35:16,015 INFO org.apache.juli.logging.DirectJDKLog [restartedMain] Starting Servlet engine: [Apache Tomcat/9.0.56]
2022-02-18 01:35:16,544 INFO org.apache.juli.logging.DirectJDKLog [restartedMain] Initializing Spring embedded WebApplicationContext
2022-02-18 01:35:16,546 INFO org.springframework.boot.web.servlet.context.ServletWebServerApplicationContext [restartedMain] Root WebApplicationContext: initialization completed in 9594 ms
2022-02-18 01:35:17,416 INFO org.hibernate.jpa.internal.util.LogHelper [restartedMain] HHH000204: Processing PersistenceUnitInfo [name: default]
2022-02-18 01:35:17,749 INFO org.hibernate.Version [restartedMain] HHH000412: Hibernate ORM core version 5.4.33
2022-02-18 01:35:18,565 INFO org.hibernate.annotations.common.reflection.java.JavaReflectionManager [restartedMain] HCANN000001: Hibernate Commons Annotations {5.1.2.Final}
2022-02-18 01:35:19,433 INFO com.zaxxer.hikari.HikariDataSource [restartedMain] HikariPool-1 - Starting...
2022-02-18 01:35:20,413 INFO com.zaxxer.hikari.HikariDataSource [restartedMain] HikariPool-1 - Start completed.
2022-02-18 01:35:20,656 INFO org.hibernate.dialect.Dialect [restartedMain] HHH000400: Using dialect: org.hibernate.dialect.PostgreSQL10Dialect
2022-02-18 01:35:26,463 INFO org.hibernate.engine.transaction.jta.platform.internal.JtaPlatformInitiator [restartedMain] HHH000490: Using JtaPlatform implementation: [org.hibernate.engine.transaction.jta.platform.internal.NoJtaPlatform]
2022-02-18 01:35:26,499 INFO org.springframework.orm.jpa.AbstractEntityManagerFactoryBean [restartedMain] Initialized JPA EntityManagerFactory for persistence unit 'default'
2022-02-18 01:35:30,569 WARN org.springframework.boot.autoconfigure.orm.jpa.JpaBaseConfiguration$JpaWebConfiguration [restartedMain] spring.jpa.open-in-view is enabled by default. Therefore, database queries may be performed during view rendering. Explicitly configure spring.jpa.open-in-view to disable this warning
2022-02-18 01:35:32,140 INFO org.springframework.boot.devtools.autoconfigure.OptionalLiveReloadServer [restartedMain] LiveReload server is running on port 35729
2022-02-18 01:35:32,973 INFO org.apache.juli.logging.DirectJDKLog [restartedMain] Starting ProtocolHandler ["http-nio-9081"]
2022-02-18 01:35:33,099 INFO org.springframework.boot.web.embedded.tomcat.TomcatWebServer [restartedMain] Tomcat started on port(s): 9081 (http) with context path '/api/v1/universidad'
2022-02-18 01:35:35,153 INFO org.springframework.boot.StartupInfoLogger [restartedMain] Started ApiUniversidadMApplication in 30.481 seconds (JVM running for 36.411)
2022-02-18 01:35:52,176 INFO org.springframework.orm.jpa.AbstractEntityManagerFactoryBean [Thread-4] Closing JPA EntityManagerFactory for persistence unit 'default'
2022-02-18 01:35:52,187 INFO com.zaxxer.hikari.HikariDataSource [Thread-4] HikariPool-1 - Shutdown initiated...
2022-02-18 01:35:52,227 INFO com.zaxxer.hikari.HikariDataSource [Thread-4] HikariPool-1 - Shutdown completed.
2022-02-18 01:35:53,012 INFO org.springframework.boot.StartupInfoLogger [restartedMain] Starting ApiUniversidadMApplication using Java 17.0.1 on DESKTOP-E4B00NC with PID 2220 (C:\Users\carlo\Documents\Curso IBM\APIUniversidadM\target\classes started by carlo in C:\Users\carlo\Documents\Curso IBM\APIUniversidadM)
2022-02-18 01:35:53,013 INFO org.springframework.boot.SpringApplication [restartedMain] No active profile set, falling back to default profiles: default
2022-02-18 01:35:55,142 INFO org.springframework.data.repository.config.RepositoryConfigurationDelegate [restartedMain] Bootstrapping Spring Data JPA repositories in DEFAULT mode.
2022-02-18 01:35:55,430 INFO org.springframework.data.repository.config.RepositoryConfigurationDelegate [restartedMain] Finished Spring Data repository scanning in 284 ms. Found 6 JPA repository interfaces.
