2022-02-18 12:48:43,687 INFO org.springframework.boot.logging.DeferredLog [restartedMain] Devtools property defaults active! Set 'spring.devtools.add-properties' to 'false' to disable
2022-02-18 12:48:43,692 INFO org.springframework.boot.logging.DeferredLog [restartedMain] For additional web related logging consider setting the 'logging.level.web' property to 'DEBUG'
2022-02-18 12:48:47,613 INFO org.springframework.data.repository.config.RepositoryConfigurationDelegate [restartedMain] Bootstrapping Spring Data JPA repositories in DEFAULT mode.
2022-02-18 12:48:47,833 INFO org.springframework.data.repository.config.RepositoryConfigurationDelegate [restartedMain] Finished Spring Data repository scanning in 197 ms. Found 6 JPA repository interfaces.
2022-02-18 12:48:49,879 INFO org.springframework.boot.web.embedded.tomcat.TomcatWebServer [restartedMain] Tomcat initialized with port(s): 9081 (http)
2022-02-18 12:48:49,906 INFO org.apache.juli.logging.DirectJDKLog [restartedMain] Initializing ProtocolHandler ["http-nio-9081"]
2022-02-18 12:48:49,907 INFO org.apache.juli.logging.DirectJDKLog [restartedMain] Starting service [Tomcat]
2022-02-18 12:48:49,909 INFO org.apache.juli.logging.DirectJDKLog [restartedMain] Starting Servlet engine: [Apache Tomcat/9.0.56]
2022-02-18 12:48:50,195 INFO org.apache.juli.logging.DirectJDKLog [restartedMain] Initializing Spring embedded WebApplicationContext
2022-02-18 12:48:50,197 INFO org.springframework.boot.web.servlet.context.ServletWebServerApplicationContext [restartedMain] Root WebApplicationContext: initialization completed in 6503 ms
2022-02-18 12:48:50,584 INFO org.hibernate.jpa.internal.util.LogHelper [restartedMain] HHH000204: Processing PersistenceUnitInfo [name: default]
2022-02-18 12:48:50,778 INFO org.hibernate.Version [restartedMain] HHH000412: Hibernate ORM core version 5.4.33
2022-02-18 12:48:51,241 INFO org.hibernate.annotations.common.reflection.java.JavaReflectionManager [restartedMain] HCANN000001: Hibernate Commons Annotations {5.1.2.Final}
2022-02-18 12:48:51,578 INFO com.zaxxer.hikari.HikariDataSource [restartedMain] HikariPool-1 - Starting...
2022-02-18 12:48:52,076 INFO com.zaxxer.hikari.HikariDataSource [restartedMain] HikariPool-1 - Start completed.
2022-02-18 12:48:52,184 INFO org.hibernate.dialect.Dialect [restartedMain] HHH000400: Using dialect: org.hibernate.dialect.PostgreSQL10Dialect
2022-02-18 12:48:55,381 INFO org.hibernate.engine.transaction.jta.platform.internal.JtaPlatformInitiator [restartedMain] HHH000490: Using JtaPlatform implementation: [org.hibernate.engine.transaction.jta.platform.internal.NoJtaPlatform]
2022-02-18 12:48:55,405 INFO org.springframework.orm.jpa.AbstractEntityManagerFactoryBean [restartedMain] Initialized JPA EntityManagerFactory for persistence unit 'default'
2022-02-18 12:48:57,447 WARN org.springframework.boot.autoconfigure.orm.jpa.JpaBaseConfiguration$JpaWebConfiguration [restartedMain] spring.jpa.open-in-view is enabled by default. Therefore, database queries may be performed during view rendering. Explicitly configure spring.jpa.open-in-view to disable this warning
2022-02-18 12:48:58,122 INFO org.springframework.boot.devtools.autoconfigure.OptionalLiveReloadServer [restartedMain] LiveReload server is running on port 35729
2022-02-18 12:48:58,609 INFO org.apache.juli.logging.DirectJDKLog [restartedMain] Starting ProtocolHandler ["http-nio-9081"]
2022-02-18 12:48:58,666 INFO org.springframework.boot.web.embedded.tomcat.TomcatWebServer [restartedMain] Tomcat started on port(s): 9081 (http) with context path '/api/v1/universidad'
2022-02-18 12:48:59,691 INFO org.springframework.boot.StartupInfoLogger [restartedMain] Started ApiUniversidadMApplication in 17.701 seconds (JVM running for 20.832)
2022-02-18 12:49:05,403 INFO org.apache.juli.logging.DirectJDKLog [http-nio-9081-exec-1] Initializing Spring DispatcherServlet 'dispatcherServlet'
2022-02-18 12:49:05,404 INFO org.springframework.web.servlet.FrameworkServlet [http-nio-9081-exec-1] Initializing Servlet 'dispatcherServlet'
2022-02-18 12:49:05,406 INFO org.springframework.web.servlet.FrameworkServlet [http-nio-9081-exec-1] Completed initialization in 1 ms
2022-02-18 12:49:25,576 INFO org.springframework.boot.admin.SpringApplicationAdminMXBeanRegistrar$SpringApplicationAdmin [RMI TCP Connection(4)-127.0.0.1] Application shutdown requested.
2022-02-18 12:49:25,636 INFO org.springframework.orm.jpa.AbstractEntityManagerFactoryBean [RMI TCP Connection(4)-127.0.0.1] Closing JPA EntityManagerFactory for persistence unit 'default'
2022-02-18 12:49:25,642 INFO com.zaxxer.hikari.HikariDataSource [RMI TCP Connection(4)-127.0.0.1] HikariPool-1 - Shutdown initiated...
2022-02-18 12:49:25,669 INFO com.zaxxer.hikari.HikariDataSource [RMI TCP Connection(4)-127.0.0.1] HikariPool-1 - Shutdown completed.
2022-02-18 12:55:10,845 INFO org.hibernate.validator.internal.util.Version [background-preinit] HV000001: Hibernate Validator 6.2.0.Final
2022-02-18 12:55:10,903 INFO org.springframework.boot.StartupInfoLogger [restartedMain] Starting ApiUniversidadMApplication using Java 17.0.1 on DESKTOP-E4B00NC with PID 13216 (C:\Users\carlo\Documents\Curso IBM\APIUniversidadM\target\classes started by carlo in C:\Users\carlo\Documents\Curso IBM\APIUniversidadM)
2022-02-18 12:55:10,920 INFO org.springframework.boot.SpringApplication [restartedMain] No active profile set, falling back to default profiles: default
2022-02-18 12:55:11,108 INFO org.springframework.boot.logging.DeferredLog [restartedMain] Devtools property defaults active! Set 'spring.devtools.add-properties' to 'false' to disable
2022-02-18 12:55:11,115 INFO org.springframework.boot.logging.DeferredLog [restartedMain] For additional web related logging consider setting the 'logging.level.web' property to 'DEBUG'
2022-02-18 12:55:14,230 INFO org.springframework.data.repository.config.RepositoryConfigurationDelegate [restartedMain] Bootstrapping Spring Data JPA repositories in DEFAULT mode.
2022-02-18 12:55:14,455 INFO org.springframework.data.repository.config.RepositoryConfigurationDelegate [restartedMain] Finished Spring Data repository scanning in 192 ms. Found 6 JPA repository interfaces.
